[    0000000Inialinggrup subs puse
  0.0000 Itializnggrup subyspu
[   0.000] Inialing ro sbsyspuct
[   0.000] Lnuveion 4.72geneicbudd@l017)(gcc vrsio5.4. 2609 (Ubuu 4.0-buu116.04. )93-UntSMP riMa3114:07:1 C 017 Ubtu.4.0-7.9geeric4.49
[    0000] mmndine:OOIMGE=/bo/vinuz.4-7-ger rot=LELloudg-ootf ro nse=tt csoe=ttS0[   .000] KEELuppoedpu:
[    0.000000]   Intel GenuiInl
[  00000] A AutntAM
[  000000]  ntur CtaHals
[  000000]-------[uthere---------    0.0000WARNG:PU 0 P: at/bui/luxwXdo/lux-4.0rc/x86erl/fpxsat.c:517puinitysm_stat0xb/0xa(
[   0000]XSAVE nssten pblm, duminleves   0.000 Mdules nk in:
  .00000] U: PID0 mm swapp N taied.40-72-ger #93buu
[    0.0000]  00000000086c96f5bda45 fffffffe080 fffff81f82b
[  .000000]ffffff1edc fffff81a8bb0 ffffff8103db8 ffff81812[   .000]  fffff1e03e4ffffffe04c0000000000 000000001
[  00000] llrace
[  .0000][<ffff81f82b] mp_sckx6/0x90   0.00000] <fffff8181302>wa_slowpath_common+0x82/0xc0
[     0.000000]  [<ffffffff8108139c>] warn_slowpath_fmt+0x5c/0x80
[    0.000000]  [<ffffffff8107cfd0>] ? xfeature_size+0x59/0x77
[    0.000000]  [<ffffffff81f6d20f>] fpu__init_system_xstate+0x38b/0x75a
[    0.000000]  [<ffffffff81f5d120>] ? early_idt_handler_array+0x120/0x120
[    0.0000] <fffff1fcb7a f__in_ste+0x1/045
  .00000 [fffff86dc83>] ar_cu_initx1/013e
[  000000] [ffffff816d3> ? elypu_ini0x9/0x13
   0.00000]  [<ffffffff81f6918a>] setup_arcch+0xb4/0xcf1
[    0.000000]  [<ffffffff81f5d120>] ? early_idt_handler_array+0x120/0x120
[    0.000000]  [<ffffffff81f5dc74>] start_kernel+0xe4/0x4a2
[    0.000000]  [<ffffffff81f5d120>] ? early_idt_handler_array+0x120/0x120
[    0.000000]  [<ffffffff81f5d339>] x86_64_start_resvaons+2ax2
[  00000]  [fffffff585>]864_tarterl+0xa/16
[   0.000] --- e tace 4dff2f8c4233]-
    0000]CPUI0d00: eax=0007 e=00040 ecx=00040 ex=00000  0.0000CPUI0d01: eax=00000000 ebx=000003c0 ecx=00000000 edx=00000000
[    0.000000] CPUID[0d, 02]: eax=00000100 ebx=00000240 ecx=00000000 edx=00000000
[    0.000000] CPUID[0d, 03]: eax=00000000 ebx=00000000 ecx=000000000 edx=00000000
[    0.000000] CPUID[0d, 04]: eax=00000000 ebx=00000000 ecx=00000000 edx=00000000
[    0.000000] CPUID[0d, 05]: eax=00000000 ebx=00000000 ecx=00000000 edx=00000000
[    0.000000] CPUID[0d, 06]: eax=00000000 ebx=00000000 ecx=00000000 edx=00000000
[    0.000000] CPUID[0d, 07]: eax=00000000 ebx=00000000 ecx=00000000 edx=00000000
[    0.000000] CPUID[0d, 08]: eax=00000000 ebx=00000000 ecx=00000000 edx=00000000
[    0.000000] CPUID[0d, 09]: eax=00000000 ebx=00000000 ecx=00000000 edx=00000000
[    0.000000] CPUID[0d, 0a]: eax=00000000 ebx=00000000 ecx=00000000 edx=00000000
[    0.000000] CPUID[0d, 0b]: eax=00000000 ebx=00000000 ecx=00000000 edx=00000000
[    0.000000] CPUID[0d, 0c]: eax=00000000 ebx=00000000 ecx=00000000 edx=00000000
[    0.000000] CPUID[0d, 0d]: eax=00000000 ebx=00000000 ecx=00000000 edx=00000000
[    0.000000] CPUID[0d, 0e]: eax=00000000 ebx=00000000 ecx=00000000 edx=00000000
[    0.000000] CPUID[0d, 0f]: eax=00000000 ebx=00000000 ecx=00000000 edx=00000000
[    0.000000] CPUID[0d, 10]: eax=00000000 ebx=00000000 ecx=00000000 edx=00000000
[    0.000000] CPUID[0d, 11]: eax=00000000 ebx=00000000 ecx=00000000 edx=00000000
[    0.000000] x86/fpu: xstate_offset[2]:  576, xstate_sizes[2]:  256
[    0.000000] x86/fpu: Supporting XSAVE feature 0x01: 'x87 floating point registers'
[    0.000000] x86/fpu: Supporting XSAVE feature 0x02: 'SSE registers'
[    0.000000] x86/fpu: Supporting XSAVE feature 0x04: 'AVX registers'
[    0.000000] x86/fpu: Enabled xstate features 0x7, context size is 1088 bytes, using 'standard' format.
[    0.000000] x86/fpu: Using 'lazy' FPU context switches.
[    0.000000] e820: BIOS-provided physical RAM map:
[    0.000000] BIOS-e820: [mem 0x0000000000000000-0x000000000009fbff] usable
[    0.000000] BIOS-e820: [mem 0x000000000009fc-0000000000009ffff rserved
[    0.000000] BIOS-e820: [mem 0x00000000000f0000-0x00000000000fffff] reserved
[    0.000000] BIOS-e820: [mem 0x0000000000100000-0x000000003ffeffff] usable
[    0.000000] BIOS-e820: [mem0x000000003fff0000-0x000000003fffffff] ACPI data
[    0.000000] BIOS-e820: [mem 0x00000000fffc0000-0x00000000ffffffff] reserved
[    0.000000] NX (Execute Disable) protection: active
[    0.000000] SMBIOS 2.5 present.
[    0.000000] Hypervisor detected: KVM
[    0.000000] e820: last_pfn = 0x3fff0 max_arch_pfn = 0x400000000
[    0.000000] MTRR: Disabled
[    0.000000] x86/PAT: MTRRs disabled, skipping PAT initialization too.
[    0.000000] x86/PAT: Configuration [0-7]: WB  WT  UC- UC  WB  WT  UC- UC  
[    0.000000] CPU MTRRs all blank - virtualized system.
[    0.000000] found SMP MP-table at [mem 0x0009fff0-0x0009ffff] mapped at [ffff88000009fff0]
[    0.000000] Scanning 1 areas for low memory corruption
[    0.000000] RAMDISK: [mem 0x36ae2000-0x37568fff]
[    0.000000] ACPI: Early table checksum verification disabled
[    0.000000] ACPI: RSDP 0x00000000000E0000 000024 (v02 VBOX  )
[    0.000000] ACPI: XSDT 0x000000003FFF0030 00003C (v01 VBOX   VBOXXSDT 00000001 ASL  00000061)
[    0.000000] ACPI: FACP 0x000000003FFF00F0 0000F4 (v04 VBOX   VBOXFACP 00000001 ASL  00000061)
[    0.000000] ACPI: DSDT 0x000000003FFF0470 002118 (v01 VBOX   VBOXBIOS 00000002 INTL 20160108)
[    0.000000] ACPI: FACS 0x000000003FFF0200 000040
[    0.000000] ACPI: FACS 0x000000003FFF0200 000040
[    0.000000] ACPI: APIC 0x000000003FFF0240 00005C (v02 VBOX   VBOXAPIC 00000001 ASL  00000061)
[    0.000000] ACPI: SSDT 0x000000003FFF02A0 0001CC (v01 VBOX   VBOXCPUT 00000002 INTL 20160108)
[    0.000000] No NUMA configuration found
[    0.000000] Faking a node at [mem 0x0000000000000000-0x000000003ffeffff]
[    0.000000] NODE_DATA(0) allocated [mem 0x3ffeb000-0x3ffeffff]
[    0.000000] kvm-clock: Using msrs 4b564d01 and 4b564d00
[    0.000000] kvm-clock: cpu 0, msr 0:3ffe3001, primary cpu clock
[    0.000000] kvm-clock: using sched offset of 2977767863 cycles
[    0.000000] clocksource: kvm-clock: mask: 0xffffffffffffffff max_cycles: 0x1cd42e4dffb, max_idle_ns: 881590591483 ns
[    0.000000] Zone ranges:
[    0.000000]   DMA      [mem 0x0000000000001000-0x0000000000ffffff]
[    0.000000]   DMA32    [mem 0x0000000001000000-0x000000003ffeffff]
[    0.000000]   Normal   empty
[    0.000000]   Device   empty
[    0.000000] Movable zone start for each node
[    0.000000] Early memory node ranges
[    0.000000]   node   0: [mem 0x0000000000001000-0x000000000009efff]
[    0.000000]   node   0: [mem 0x0000000000100000-0x000000003ffeffff]
[    0.000000] Initmem setup node 0 [mem 0x0000000000001000-0x000000003ffeffff]
[    0.000000] ACPI: PM-Timer IO Port: 0x4008
[    0.000000] IOAPIC[0]: apic_id 2, version 17, address 0xfec00000, GSI 0-23
[    0.000000] ACPI: INT_SRC_OVR (bus 0 bus_irq 0 global_irq 2 dfl dfl)
[    0.000000] ACPI: INT_SRC_OVR (bus 0 bus_irq 9 global_irq 9 high level)
[    0.000000] Using ACPI (MADT) for SMP configuration information
[    0.000000] smpbot: Allowing 2 CPUs, 0 hotplug CPUs
[    0.000000] PM: Registered nosave memory: [mem 0x00000000-0x00000fff]
[    0.000000] PM: Registered nosave memory: [mem 0x0009f000-0x0009ffff]
[    0.000000] PM: Registered nosave memory: [mem 0x000a0000-0x000effff]
[    0.000000] PM: Registered nosave memory: [mem 0x000f0000-0x000fffff]
[    0.000000] e820: [mem 0x40000000-0xfffbffff] available for PCI devices
[    0.000000] Booting paravirtualized kernel on KVM
[    0.000000] clocksource: refined-jiffies: mask: 0xffffffff max_cycles: 0xffffffff, max_idle_ns: 7645519600211568 ns
[    0.000000] setup_percpu: NR_CPUS:512 nr_cpumask_bits:512 nr_cpu_ids:2 nr_node_ids:1
[    0.000000] PERCPU: Embedded 33 pages/cpu @ffff88003fc00000 s98264 r8192 d28712 u1048576
[    0.000000] PV qspinlock hash table entries: 256 (order: 0, 4096 bytes)
[    0.000000] Built 1 zonelists in Node order, mobility grouping on.  Total pages: 257913
[    0.000000] Policy zone: DMA32
[    0.000000] Kernel command line: BOOT_IMAGE=/boot/vmlinuz-4.4.0-72-generic root=LABEL=cloudimg-rootfs ro console=tty1 console=ttyS0
[    0.000000] PID hash table entries: 4096 (order: 3, 32768 bytes)
[    0.000000] Memory: 1001800K/1048120K available (8452K kernel code, 1293K rwdata, 3976K rodata, 1484K init, 1316K bss, 46320K reserved, 0K cma-reserved)
[    0.000000] SLUB: HWalign=64, Order=0-3, MinObjects=0, CPUs=2, Nodes=1
[    0.000000] Hierarchical RCU implementation.
[    0.000000] 	Build-time adjustment of leaf fanout to 64.
[    0.000000] 	RCU restricting CPUs from NR_CPUS=512 to nr_cpu_ids=2.
[    0.000000] RCU: Adjusting geometry for rcu_fanout_leaf=64, nr_cpu_ids=2
[    0.000000] NR_IRQS:33024 nr_irqs:440 16
[    0.000000] Console: colour VGA+ 80x25
[    0.000000] console [tty1] enabled
[    0.000000] console [ttyS0] enabled
[    0.000000] tsc: Detected 2712.008 MHz processor
[    8.340692] Calibrating delay loop (skipped) preset value.. 5424.01 BogoMIPS (lpj=10848032)
[    8.341867] pid_max: default: 32768 minimum: 301
[    8.342492] ACPI: Core revision 20150930
[    8.343889] ACPI: 2 ACPI AML tables successfully acquired and loaded
[    8.344873] Security Framework initialized
[    8.345452] Yama: becoming mindful.
[    8.345987] AppArmor: AppArmor initialized

[    8.346695] Dentry cache hash table entries: 131072 (order: 8, 1048576 bytes)
[    8.347757] Inode-cache hash table entries: 65536 (order: 7, 524288 bytes)
[    8.349091] Mount-cache hash table entries: 2048 (order: 2, 16384 bytes)
[    8.349909] Mountpoint-cache hash table entries: 2048 (order: 2, 16384 bytes)
[    8.351005] Initializing cgroup subsys io
[    8.351717] Initializing cgroup subsys memory
[    8.352403] Initializing cgroup subsys devices
[    8.353014] Initializing cgroup subsys freezer
[    8.353623] Initializing cgroup subsys net_cls
[    8.354233] Initializing cgroup subsys perf_event
[    8.354936] Initializing cgroup subsys net_prio
[    8.355613] Initializing cgroup subsys hugetlb
[    8.356277] Initializing cgroup subsys pids
[    8.356927] CPU: Physical Processor ID: 0
[    8.357533] CPU: Processor Core ID: 0
[    8.359119] mce: CPU supports 0 MCE banks
[    8.359804] Last level iTLB entries: 4KB 64, 2MB 8, 4MB 8
[    8.360598] Last level dTLB entries: 4KB 64, 2MB 0, 4MB 0, 1GB 4
[    8.363049] Freeing SMP alternatives memory: 32K (ffffffff820b8000 - ffffffff820c0000)
[    8.371077] ftrace: allocating 32111 entries in 126 pages
[    8.405437] smpboot: APIC(0) Converting physical 0 to logical package 0
[    8.416398] smpboot: Max logical packages: 1
[    8.418360] ..TIMER: vector=0x30 apic1=0 pin1=2 apic2=-1 pin2=-1
[    8.524333] smpboot: CPU0: Intel(R) Core(TM) i7-6820HQ CPU @ 2.70GHz (family: 0x6, model: 0x5e, stepping: 0x3)
[    8.696883] Performance Events: unsupported p6 CPU model 94 no PMU driver, software events only.
[    8.864522] KVM setup paravirtual spinlock
[    8.989880] x86: Booting SMP configuration:
[    9.108360] .... node  #0, CPUs:      #1
[    9.212540] kvm-clock: cpu 1, msr 0:3ffe3041, secondary cpu clock
[    9.218164] mce: CPU supports 0 MCE banks
[    9.220607] x86: Booted up 1 node, 2 CPUs
[    9.312877] smpboot: Total of 2 processors activated (10848.03 BogoMIPS)
[    9.509939] devtmpfs: initialized
[    9.606874] evm: security.selinux
[    9.686522] evm: security.SMACK64
[    9.747424] evm: security.SMACK64EXEC
[    9.808592] evm: security.SMACK64TRANSMUTE
[    9.878235] evm: security.SMACK64MMAP
[    9.950060] evm: security.ima
[   10.037667] evm: security.capability
[   10.143262] clocksource: jiffies: mask: 0xffffffff max_cycles: 0xffffffff, max_idle_ns: 7645041785100000 ns
[   10.435797] pinctrl core: initialized pinctrl subsystem
[   10.591322] RTC time:  3:17:07, date: 05/13/17
[   10.725864] NET: Registered protocol family 16
[   10.804386] cpuidle: using governor ladder
[   10.816589] cpuidle: using governor menu
[   10.932866] PCCT header not found.
[   11.033928] ACPI: bus type PCI registered
[   11.131689] acpiphp: ACPI Hot Plug PCI Controller Driver version: 0.5
[   11.318035] PCI: Using configuration type 1 for base access
[   11.498632] ACPI: Added _OSI(Module Device)
[   11.621154] ACPI: Added _OSI(Processor Device)
[   11.757632] ACPI: Added _OSI(3.0 _SCP Extensions)
[   11.845116] ACPI: Added _OSI(Processor Aggregator Device)
[   11.846482] ACPI: Executed 1 blocks of module-level executable AML code
[   11.849131] ACPI: Interpreter enabled
[   11.854296] ACPI: (supports S0 S5)
[   11.854842] ACPI: Using IOAPIC for interrupt routing
[   11.855669] PCI: Using host bridge windows from ACPI; if necessary, use "pci=nocrs" and report a bug
[   11.859603] ACPI: PCI Root Bridge [PCI0] (domain 0000 [bus 00-ff])
[   11.860371] acpi PNP0A03:00: _OSC: OS supports [ASPM ClockPM Segments MSI]
[   11.861256] acpi PNP0A03:00: _OSC failed (AE_NOT_FOUND); disabling ASPM
[   11.862060] acpi PNP0A03:00: fail to add MMCONFIG information, can't access extended PCI configuration space under this bridge.
[   11.863677] PCI host bridge to bus 0000:00
[   11.864405] pci_bus 0000:00: root bus resource [io  0x0000-0x0cf7 window]
[   11.868433] pci_bus 0000:00: root bus resource [io  0x0d00-0xffff window]
[   11.870349] pci_bus 0000:00: root bus resource [mem 0x000a0000-0x000bffff window]
[   11.871449] pci_bus 0000:00: root bus resource [mem 0x40000000-0xffdfffff window]
[   11.872494] pci_bus 0000:00: root bus resource [bus 00-ff]
[   11.874305] pci 0000:00:01.1: legacy IDE quirk: reg 0x10: [io  0x01f0-0x01f7]
[   11.875211] pci 0000:00:01.1: legacy IDE quirk: reg 0x14: [io  0x03f6]
[   11.876064] pci 0000:00:01.1: legacy IDE quirk: reg 0x18: [io  0x0170-0x0177]
[   11.876906] pci 0000:00:01.1: legacy IDE quirk: reg 0x1c: [io  0x0376]
[   11.893625] ACPI: PCI Interrupt Link [LNKA] (IRQs 5 9 10 11) *0, disabled.
[   11.986280] ACPI: PCI Interrupt Link [LNKB] (IRQs 5 9 10 *11)
[   12.109306] ACPI: PCI Interrupt Link [LNKC] (IRQs 5 9 *10 11)
[   12.262419] ACPI: PCI Interrupt Link [LNKD] (IRQs 5 *9 10 11)
[   12.322964] ACPI: Enabled 2 GPEs in block 00 to 07
[   12.324055] vgaarb: setting as boot device: PCI:0000:00:02.0
[   12.382122] vgaarb: device added: PCI:0000:00:02.0,decodes=io+mem,owns=io+mem,locks=none
[   12.635513] vgaarb: loaded
[   12.711699] vgaarb: bridge control possible 0000:00:02.0
[   12.871294] SCSI subsystem initialized
[   12.907869] ACPI: bus type USB registered
[   12.908509] usbcore: registered new interface driver usbfs
[   12.909286] usbcore: registered new interface driver hub
[   12.910033] usbcore: registered new device driver usb
[   12.911105] PCI: Using ACPI for IRQ routing
[   12.911953] NetLabel: Initializing
[   12.912485] NetLabel:  domain hash size = 128
[   12.913192] NetLabel:  protocols = UNLABELED CIPSOv4
[   12.913880] NetLabel:  unlabeled traffic allowed by default
[   12.955715] amd_nb: Cannot enumerate AMD northbridges
[   13.108961] clocksource: Switched to clocksource kvm-clock
[   13.280198] AppArmor: AppArmor Filesystem Enabled
  3.88] p:nPCPin
  3.9626] p:nPCP fun3 vis
[   14.362542] clocksource: acpi_pm: mask: 0xffffff max_cycles: 0xffffff, max_idle_ns: 2085701024 ns
[   14.488020] NET: Registered protocol family 2
[   14.488794] TCP established hash table entries: 8192 (order: 4, 65536 bytes)
[   14.489686] TCP bind hash table entries: 8192 (order: 5, 131072 bytes)
[   14.490513] TCP: Hash tables configured (established 8192 bind 8192)
[   14.491431] UDP hash table entries: 512 (order: 2, 16384 bytes)
[   14.492330] UDP-Lite hash table entries: 512 (order: 2, 16384 bytes)
[   14.493187] NET: Registered protocol family 1
[   14.493818] pci 0000:00:00.0: Limiting direct PCI/PCI transfers
[   14.494574] pci 0000:00:01.0: Activating ISA DMA hang workarounds
[   14.495796] Unpacking initramfs...
[   16.002944] Freeing initrd memory: 10780K (ffff880036ae2000 - ffff880037569000)
[   16.068514] platform rtc_cmos: registered platform RTC device (no PNP device found)
[   16.069761] Scanning for low memory corruption every 60 seconds
[   16.071022] futex hash table entries: 512 (order: 3, 32768 bytes)
[   16.071874] audit: initializing netlink subsys (disabled)
[   16.072578] audit: type=2000 audit(1494645424.696:1): initialized
[   16.073615] Initialise system trusted keyring
[   16.228244] HugeTLB registered 2 MB page size, pre-allocated 0 pages
[   16.798139]zzuud: loaded
[   17.028212] VFS: Disk quotas dquot_6.6.0
[   17.117878] tsc: Refined TSC clocksource calibration: 2712.136 MHz
[   17.118695] clocksource: tsc: mask: 0xffffffffffffffff max_cycles: 0x271806e814a, max_idle_ns: 440795301665 ns
[   17.120096] VFS: Dquot-cache hash table entries: 512 (order 0, 4096 bytes)
[   17.121126] squashfs: version 4.0 (2009/01/31) Phillip Lougher
[   17.122197] fuse init (API version 7.23)
[   17.122866] Key type big_key registered
[   17.123435] Allocating IMA MOK and blacklist keyrings.
[   17.125212] Key type asymmetric registered
[   17.125795] Asymmetric key parser 'x509' registered
[   17.126469] Block layer SCSI generic (bsg) driver version 0.4 loaddd((major 249)
[   17.322343] io scheduler noop registered
[   17.477888] io scheduler deadline registered (default)
[   17.478603] io scheduler cfq registered
[   17.479292] pci_hotplug: PCI Hot Plug PCI Core version: 0.5
[   17.480050] pciehp: PCI Express Hot Plug Controller Driver version: 0.4
[   17.481167] ACPI: AC Adapter [AC] (on-line)
[   17.481799] input: Power Button as /devices/LNXSYSTM:00/LNXPWRBN:00/input/input0
[   17.482851] ACPI: Power Button [PWRF]
[   17.483469] input: Sleep Button as//eeiices/LNXSYSTM:0//NNXSLPBN:00/input/input1
[   18.104241] ACPI: Sleep Button [SLPF]
[   18.178196] GHES: HEST is not enabled!
[   18.178700] ACPI: Battery Slot [BAT0] (battery present)
[   18.179648] Serial: 8250/16550 driver, 32 ports, IRQ sharing enabled
[   18.201757] 00:02: ttSS  at I/O 0x3f8 (irq = 4,bbsse_baud = 115200) is a 16550A
[   18.919146] Linux agpgart interface v0.103
[   18.980016] loop: module loaded
[   18.981178] scsi host0: ata_piix
[   18.981931] scsi host1: ata_piix
[   18.982500] ata1: PATA max UDMA/33 cmd 0x1f0 ctl 0x3f6 bmdma 0xd000 irq 14
[   18.983375] ata2: PATA max UDMA/33 cmd 0x170 ctl 0x376 bmdma 0xd008 irq 15
[   18.987295] libphy: Fixed MDIO Bus: probed
[   19.017996] tun: Universal TUN/TAP device driver, 1.6
[   19.058076] tun: (C) 1999-2004 Max Krasnyansky <maxk@qualcomm.com>
[   19.058883] PPP generic driver version 2.4.2
[   19.059525] ehci_hcd: USB 2.0 'Enhanced' Host Controller (EHCI) Driver
[   19.062886] ehci-pci: EHCI PCI platform driver
[   19.063509] ehci-platform: EHCI generic platform driver
[   19.227928] ohci_hcd: USB 1.1 'Open' Host Controller (OHCI) Driver
[   19.228756] ohci-pci: OHCI PCI platform driver
[   19.229427] ohci-platform: OHCI generic platform driver
[   19.230170] uhci_hcd: USB Universal Host Controller Interface driver
[   19.231051] i8042: PNP: PS/2 Controller [PNP0303:PS2K,PNP0f03:PS2M] at 0x60,0x64 irq 1,12
[   19.232651] serio: i8042 KBD port at 0x60,0x64 irq 1
[   19.233362] serio: i8042 AUX port at 0x60,0x64 irq 12
[   19.238035] mousedev: PS/2 mouse device common for all mice
[   19.239153] rtc_cmos rtc_cmos: rtc core: registered rtc_cmos as rtc0
[   19.240119] rtc_cmos rtc_cmos: alarms up to one day, 114 bytes nvram
[   19.241023] i2c /dev entries driver
[   19.241742] input: AT Translated Set 2 keyboard as /devices/platform/i8042/serio0/input/input2
[   19.242969] device-mapper: uevent: version 1.0.3
[   19.243855] device-mapper: ioctl: 4.34.0-ioctl (2015-10-28) initialised: dm-devel@redhat.com
[   19.245078] ledtrig-cpu: registered to indicate activity on CPUs
[   19.246591] NET: Registered protocol family 10
[   19.247427] NET: Registered protocol family 17
[   19.248101] Key type dns_resolver registered
[   19.248923] microcode: CPU0 sig=0x506e3, pf=0x40, revision=0x0
[   19.249920] microcode: CPU1 sig=0x506e3, pf=0x40, revision=0x0
[   19.250740] microcode: Microcode Update Driver: v2.01 <tigran@aivazian.fsnet.co.uk>, Peter Oruba
[   19.252204] registered taskstats version 1
[   19.253019] Loading compiled-in X.509 certificates
[   19.254688] Loaded X.509 cert 'Build time autogenerated kernel key: 04ae903e4643330d1fe41947e79c88b436494994'
[   19.920154] zswap: loaded using pool lzo/zbud
[   19.943423] Key type trusted registered
[   19.947192] Key type encrypted registered
[   19.956544] AppArmor: AppArmor sha1 policy hashing enabled
[   20.118205] ima: No TPM chip found, activating TPM-bypass!
[   20.119012] evm: HMAC attrs: 0x1
[   20.119953]   Magic number: 1:6:260
[   20.120607] rtc_cmos rtc_cmos: setting system clock to 2017-05-13 03:17:17 UTC (1494645437)
[   20.122034] BIOS EDD facility v0.16 2004-Jun-25, 0 devices found
[   20.122846] EDD information not available.
[   20.124616] Freeing unused kernel memory: 1484K (ffffffff81f45000 - ffffffff820b8000)
[   20.125778] Write protecting the kernel read-only data: 14336k
[   20.127299] Freeing unused kernel memory: 1776K (ffff880001844000 - ffff880001a00000)
[   20.128776] Freeing unused kernel memory: 120K (ffff880001de2000 - ffff880001e00000)
Loading, please wait...
starting version 229
[   20.141188] random: systemd-udevd: uninitialized urandom read (16 bytes read, 3 bits of entropy available)
[   20.141737] random: udevadm: uninitialized urandom read (16 bytes read, 3 bits of entropy available)
[   20.141765] random: udevadm: uninitialized urandom read (16 bytes read, 3 bits of entropy available)
[   20.141852] random: udevadm: uninitialized urandom read (16 bytes read, 3 bits of entropy available)
[   20.141883] random: udevadm: uninitialized urandom read (16 bytes read, 3 bits of entropy available)
[   20.141914] random: udevadm: uninitialized urandom read (16 bytes read, 3 bits of entropy available)
[   20.141946] random: udevadm: uninitialized urandom read (16 bytes read, 3 bits of entropy available)
[   20.141977] random: udevadm: uninitialized urandom read (16 bytes read, 3 bits of entropy available)
[   20.142005] random: udevadm: uninitialized urandom read (16 bytes read, 3 bits of entropy available)
[   20.142039] random: udevadm: uninitialized urandom read (16 bytes read, 3 bits of entropy available)
[   20.163183] Fusion MPT base driver 3.04.20
[   20.467832] Copyright (c) 1999-2008 LSI Corporation
[   20.835630] Fusion MPT SPI Host driver 3.04.20
[   21.219124] input: ImExPS/2 Generic Explorer Mouse as /devices/platform/i8042/serio1/input/input4
[   21.224865] e1000: Intel(R) PRO/1000 Network Driver - version 7.3.21-k8-NAPI
[   21.224865] e1000: Copyright (c) 1999-2006 Intel Corporation.
[   22.699374] AVX version of gcm_enc/dec engaged.
[   22.831960] AES CTR mode by8 optimization enabled
[   23.003739] e1000 0000:00:03.0 eth0: (PCI:33MHz:32-bit) 02:72:60:9c:65:f4
[   23.088462] e1000 0000:00:03.0 eth0: Intel(R) PRO/1000 Network Connection
[   23.090021] mptbase: ioc0: Initiating bringup
[   23.090421] e1000 0000:00:03.0 enp0s3: renamed from eth0
[   23.157599] ioc0: LSI53C1030 A0: Capabilities={Initiator}
[   23.613010] scsi host2: ioc0: LSI53C1030 A0, FwRev=00000000h, Ports=1, MaxQ=256, IRQ=20
[   24.430960] scsi 2:0:0:0: Direct-Access     VBOX     HARDDISK         1.0  PQ: 0 ANSI: 5
[   24.469913] scsi target2:0:0: Beginning Domain Validation
[   24.471407] scsi target2:0:0: Domain Validation skipping write tests
[   25.142459] scsi target2:0:0: Ending Domain Validation
[   25.298651] scsi target2:0:0: asynchronous
[   25.436112] scsi 2:0:1:0: Direct-Access     VBOX     HARDDISK         1.0  PQ: 0 ANSI: 5
[   25.533927] scsi target2:0:1: Beginning Domain Validation
[   25.535712] scsi target2:0:1: Domain Validation skipping write tests
[   25.536554] scsi target2:0:1: Ending Domain Validation
[   25.537299] scsi target2:0:1: asynchronous
[   25.543162] sd 2:0:0:0: [sda] 20971520 512-byte logical blocks: (10.7 GB/10.0 GiB)
[   25.862078] floppy0: no floppy controllers found
[   25.862243] sd 2:0:0:0: Attached scsi generic sg0 type 0
[   26.178376] sd 2:0:0:0: [sda] Write Protect is off
[   26.178637] sd 2:0:0:0: [sda] Incomplete mode parameter data
[   26.178638] sd 2:0:0:0: [sda] Assuming drive cache: write through
[   26.179074] sd 2:0:1:0: [sdb] 20480 512-byte logical blocks: (10.5 MB/10.0 MiB)
[   26.179289] sd 2:0:1:0: [sdb] Write Protect is off
[   26.179347] sd 2:0:1:0: [sdb] Incomplete mode parameter data
[   26.179348] sd 2:0:1:0: [sdb] Assuming drive cache: write through
[   26.180122] sd 2:0:1:0: Attached scsi generic sg1 type 0
[   26.181269]  sda: sda1
[   26.182490] sd 2:0:1:0: [sdb] Attached SCSI disk
[   26.182519] sd 2:0:0:0: [sda] Attached SCSI disk
Begin: Loading e[   27.900842] md: linear personality registered for level -1
ssential drivers[   28.082303] md: multipath personality registered for level -4
 ... [   28.264682] md: raid0 personality registered for level 0
[   28.436639] md: raid1 personality registered for level 1
[   28.797018] raid6: sse2x1   gen()  9796 MB/s
[   28.869015] raid6: sse2x1   xor()  6222 MB/s
[   28.945021] raid6: sse2x2   gen() 11713 MB/s
[   29.013017] raid6: sse2x2   xor()  8183 MB/s
[   29.093017] raid6: sse2x4   gen() 13669 MB/s
[   29.165016] raid6: sse2x4   xor()  8859 MB/s
[   29.170733] raid6: using algorithm sse2x4 gen() 13669 MB/s
[   29.171478] raid6: .... xor() 8859 MB/s, rmw enabled
[   29.172218] raid6: using ssse3x2 recovery algorithm
[   29.174116] xor: automatically using best checksumming function:
[   29.237700]    avx       : 53823.000 MB/sec
[   29.659328] async_tx: api initialized (async)
[   29.783623] md: raid6 personality registered for level 6
[   29.784411] md: raid5 personality registered for level 5
[   30.238171] md: raid4 personality registered for level 4
[   30.753875] md: raid10 personality registered for level 10
done.
Begin: Running /scripts/init-premount ... done.
Begin: Mounting root file system ... Begin: Running /scripts/local-top ... done.
Begin: Running /scripts/local-premount ... [   30.847566] Btrfs loaded
Scanning for Btrfs filesystems
done.
Warning: [   30.945807] EXT4-fs (sda1): mounted filesystem with ordered data mode. Opts: (null)
fsck not present, so skipping root file system
done.
Begin: Running /scripts/local-bottom ... done.
Begin: Running /scripts/init-bottom ... done.
[   31.371621] systemd[1]: systemd 229 running in system mode. (+PAM +AUDIT +SELINUX +IMA +APPARMOR +SMACK +SYSVINIT +UTMP +LIBCRYPTSETUP +GCRYPT +GNUTLS +ACL +XZ -LZ4 +SECCOMP +BLKID +ELFUTILS +KMOD -IDN)
[   31.391068] systemd[1]: Detected virtualization oracle.
[   31.392001] systemd[1]: Detected architecture x86-64.

Welcome to [1mUbuntu 16.04.2 LTS[0m!

[   31.396258] systemd[1]: Set hostname to <ubuntu-xenial>.
[   31.555823] systemd[1]: Raached target User and Group Name Lookups.
[[0;32m  OK  [0m] Reached target User and Group Name Lookups.
[   32.099761] systemd[1]: Listening on oorraal Socket.
[[0;32m  OK  [0m] Listening on Journal Socket.
[   32.677371] systemd[1]: Listening on Device-mapper event daemon FIFOs.
[[0;32m  OK  [0m] Listening on Device-mapper event daemon FIFOs.
[   32.959813] systemd[1]: Created slice System Slice.
[[0;32m  OK  [0m] Created slice System Slice.
[   32.973251] systemd[1::SSaarting Uncomplicated firewall...
[   32.973734] random: nonblocking pool is initialized
         Starting Uncomplicated firewall...
[   33.549446] systemd[1]: Started Forwrr  Password Requests to Wal  Directory Watch.
[[0;32m  OK  [0m] Started Forward Password Requests to Wall Directory Watch.
[   33.989431] systemd[1]: Listening on udev Kernel Socket.
[[0;32m  OK  [0m] Listening on udev Kernel Socket.
[   33.990885] systemd[1]: Listening on Journal Audit Socket.
[[0;32m  OK  [0m] Listening on Journal Audit Socket.
[   33.992243] systemd[1]: Reached target Swap.
[[0;32m  OK  [0m] Reached target Swap.
[   33.993536] systemd[1]: Listening on Journal Socket (/dev/log).
[[0;32m  OK  [0m] Listening on Journal Socket (/dev/log).
[   34.005196] systemd[1]: Mounting Debug File System...
         Mounting Debug File System...
[   34.141364] systemd[1]: Starting Load Kernel Modules...
[   34.188714] Loading iSCSI transport class v2.0-870.
         Starting Load Kernel Modules...
[   34.190468] systemd[1]: Starting Nameserver information manager...
         Starting Nameserver information manager...
[   34.192159] systemd[1]: Set up automount Arbitrary Executable File Formats File System Automount Point.
[[0;32m  OK  [0m] Set up automount Arbitrary Executab...ats File System Automount Point.
[   34.196933] systemd[1]: Listening on LVM2 poll daemon socket.
[[0;32m  OK  [0m] Listening on LVM2 poll daemon socket.
[   34.198547] systemd[1]: Listening on Syslog Socket.
[[0;32m  OK  [0m] Listening on Syslog Socket.
[   34.200075] systemd[1]: Reached target Encrypted Volumes.
[   34.433713] iscsi: registered transport (tcp)
[[0;32m  OK  [0m] Reached target Encrypted Vol[   34.702487] iscsi: registered transport (iser)
umes.
[   35.025200] systemd[1]: Listening on /dev/initctl Compatibility Named Pipe.
[[0;32m  OK  [0m] Listening on /dev/initctl Compatibility Named Pipe.
[   35.049096] systemd[1]: Starting Create list of required static device nodes for the current kernel...
         Starting Create list of required st... nodes for the current kernel...
[   35.191706] systemd[1]: Starting Remount Root and Kernel File Systems...
         Starting Remount Root and Kernel File Systems...
[   35.193880] systemd[1]: Mounting Huge Pages File System...
         Mounting Huge Pages File System...
[   35.195535] systemd[1]: Created slice system-serial\x2dgetty.slice.
[   35.196250] EXT4-fs (sda1): re-mounted. Opts: (null)
[[0;32m  OK  [0m] Created slice system-serial\x2dgetty.slice.
[   35.197934] systemd[1]: Listening on LVM2 metadata daemon socket.
[[0;32m  OK  [0m] Listening on LVM2 metadata daemon socket.
[   35.199932] systemd[1]: Starting Monitoring of LVM2 mirrors, snapshots etc. using dmeventd or progress polling...
         Starting Monitoring of LVM2 mirrors... dmeventd or progress polling...
[   35.203569] systemd[1]: Listening on udev Control Socket.
[[0;32m  OK  [0m] Listening on udev Control Socket.
[   35.205746] systemd[1]: Mounting POSIX Message Queue File System...
         Mounting POSIX Message Queue File System...
[   35.207828] systemd[1]: Created slice User and Session Slice.
[[0;32m  OK  [0m] Created slice User and Session Slice.
[   35.209421] systemd[1]: Reached target Slices.
[[0;32m  OK  [0m] Reached target Slices.
[   35.211445] systemd[1]: Starting Journal Service...
         Starting Journal Service...
[   35.213419] systemd[1]: Starting Set console keymap...
         Starting Set console keymap...
[   35.216019] systemd[1]: Mounted POSIX Message Queue File System.
[[0;32m  OK  [0m] Mounted POSIX Message Queue File System.
[   35.219107] systemd[1]: Mounted Debug File System.
[[0;32m  OK  [0m] Mounted Debug File System.
[   35.220614] systemd[1]: Mounted Huge Pages File System.
[[0;32m  OK  [0m] Mounted Huge Pages File System.
[   35.222695] systemd[1]: Started Uncomplicated firewall.
[[0;32m  OK  [0m] Started Uncomplicated firewall.
[   35.225062] systemd[1]: Started Load Kernel Modules.
[[0;32m  OK  [0m] Started Load Kernel Modules.
[   35.227324] systemd[1]: Started Create list of required static device nodes for the current kernel.
[[0;32m  OK  [0m] Started Create list of required sta...ce nodes for the current kernel.
[   35.229968] systemd[1]: Started Remount Root and Kernel File Systems.
[[0;32m  OK  [0m] Started Remount Root and Kernel File Systems.
[   35.231913] systemd[1]: Started Nameserver information manager.
[[0;32m  OK  [0m] Started Nameserver information manager.
[   35.245042] systemd[1]: ttarted Journal Service.
[[0;32m  OK  [0m] Started Journal Service.
[[0;32m  OK  [0m] Started Set console keymap.
[[0;32m  OK  [0m] Started LVM2 metadata daemon.
         Starting Initial cloud-init job (pre-networking)...
         Starting Flush Journal to Persistent Storage...
         Starting Load/Save Random Seed...
         Starting udev Coldplug all Devices...
         Starting Create Static Device Nodes in /dev...
         Mounting FUSE Control File System...
         Starting Apply Kernel Variables...
[[0;32m  OK  [0m] Mounted FUSE Control File System.
[[0;32m  OK  [0m] Started Load/Save Random Seed.
[[0;32m  OK  [0m] Started Create Static Device Nodes in /dev.
[[0;32m  OK  [0m] Started Apply Kernel Variables.
         Starting udev Kernel Device Manager...
[[0;32m  OK  [0m] Started Flush Journal to Persistent Storage.
[[0;32m  OK  [0m] Started udev Coldplug all Devices.
[[0;32m  OK  [0m] Started Monitoring of LVM2 mirrors,...ng dmeventd or progress polling.
[[0;32m  OK  [0m] Started udev Kernel Device Manager.
[[0;32m  OK  [0m] Reached target Local File Systems (Pre).
[[0;32m  OK  [0m] Reached target Local File Systems.
         Starting Create Volatile Files and Directories...
         Starting Set console font and keymap...
         Starting Tell Plymouth To Write Out Runtime Data...
         Starting LSB: AppArmor initialization...
[[0;32m  OK  [0m] Started Dispatch Password Requests to Console Directory Watch.
[[0;32m  OK  [0m] Started Create Volatile Files and Directories.
[[0;32m  OK  [0m] Started Tell Plymouth To Write Out Runtime Data.
         Starting Update UTMP about System Boot/Shutdown...
[[0;32m  OK  [0m] Reached target System Time Synchronized.
[[0;32m  OK  [0m] Started Update UTMP about System Boot/Shutdown.
[[0;32m  OK  [0m] Started LSB: AppArmor initialization.
[[0;32m  OK  [0m] Found device /dev/ttyS0.
[[0;32m  OK  [0m] Found device 82540EM Gigabit Ethern...r (PRO/1000 MT Desktop Adapter).
[[0;32m  OK  [0m] Listening on Load/Save RF Kill Switch Status /dev/rfkill Watch.
[[0;32m  OK  [0m] Started Set console font and keymap.
[   24.000237] cloud-init[436]: Cloud-init v. 0.7.9 running 'init-local' at Sat, 13 May 2017 03:17:33 +0000. Up 23.75 seconds.
[[0;32m  OK  [0m] Started Initial cloud-init job (pre-networking).
[[0;32m  OK  [0m] Reached target Network (Pre).
         Starting Raise network interfaces...
[[0;32m  OK  [0m] Started ifup for enp0s3.
[[0;32m  OK  [0m] Created slice system-getty.slice.
[[0;32m  OK  [0m] Started Raise network interfaces.
[[0;32m  OK  [0m] Reached target Network.
         Starting Initial cloud-init job (metadata service crawler)...
[   27.255475] cloud-init[967]: Cloud-init v. 0.7.9 running 'init' at Sat, 13 May 2017 03:17:37 +0000. Up 27.05 seconds.
[   27.361292] cloud-init[967]: ci-info: +++++++++++++++++++++++++++++++++++++Net device info++++++++++++++++++++++++++++++++++++++
[   27.362151] cloud-init[967]: ci-info: +--------+------+----------------------------+---------------+-------+-------------------+
[[0;32m  OK  [0m] Started Initial cloud-init job (metadata service crawler).
[   27.362502] cloud-init[967]: ci-info: | Device |  Up  |          Address           |      Mask     | Scope |     Hw-Address    |
[   27.629265] cloud-init[967]: ci-info: +--------+------+----------------------------+---------------+-------+-------------------+
[   27.629677] cloud-init[967]: ci-info: | enp0s3 | True |         10.0.2.15          | 255.255.255.0 |   .   | 02:72:60:9c:65:f4 |
[   27.630062] cloud-init[967]: ci-info: | enp0s3 | True | fe80::72:60ff:fe9c:65f4/64 |       .       |  link | 02:72:60:9c:65:f4 |
[   27.630261] cloud-init[967]: ci-info: |   lo   | True |         127.0.0.1          |   255.0.0.0   |   .   |         .         |
[   27.630458] cloud-init[967]: ci-info: |   lo   | True |          ::1/128           |       .       |  host |         .         |
[   27.630653] cloud-init[967]: ci-info: +--------+------+----------------------------+---------------+-------+-------------------+
[   27.630856] cloud-init[967]: ci-info: +++++++++++++++++++++++++++Route IPv4 info++++++++++++++++++++++++++++
[   27.631279] cloud-init[967]: ci-info: +-------+-------------+----------+---------------+-----------+-------+
[   27.631657] cloud-init[967]: ci-info: | Route | Destination | Gateway  |    Genmask    | Interface | Flags |
[[0;32m  OK  [0m] Reached target Network is Online.
[   27.631832] cloud-init[967]: ci-info: +-------+-------------+----------+---------------+-----------+-------+
[   27.958952] cloud-init[967]: ci-info: |   0   |   0.0.0.0   | 10.0.2.2 |    0.0.0.0    |   enp0s3  |   UG  |
[   27.989778] cloud-init[967]: ci-info: |   1   |   10.0.2.0  | 0.0.0.0  | 255.255.255.0 |   enp0s3  |   U   |
[   27.990417] cloud-init[967]: ci-info: +-------+-------------+----------+---------------+-----------+-------+
         Starting iSCSI initiator daemon (iscsid)...
[[0;32m  OK  [0m] Reached target System Initialization.
[[0;32m  OK  [0m] Listening on ACPID Listen Socket.
         Starting Docker Socket for the API.
[[0;32m  OK  [0m] Started Daily Cleanup of Temporary Directories.
[[0;32m  OK  [0m] Started ACPI Events Check.
[[0;32m  OK  [0m] Started Daily apt activities.
[[0;32m  OK  [0m] Listening on UUID daemon activation socket.
         Starting Socket activation for snappy daemon.
         Starting LXD - unix socket.
[[0;32m  OK  [0m] Listening on D-Bus System Message Bus Socket.
[[0;32m  OK  [0m] Started Trigger resolvconf update for networkd DNS.
[[0;32m  OK  [0m] Reached target Paths.
[[0;32m  OK  [0m] Started Timer to automatically refresh installed snaps.
[[0;32m  OK  [0m] Reached target Timers.
[[0;32m  OK  [0m] Reached target Cloud-config availability.
[[0;32m  OK  [0m] Listening on Docker Socket for the API.
[[0;32m  OK  [0m] Listening on Socket activation for snappy daemon.
[[0;32m  OK  [0m] Listening on LXD - unix socket.
[[0;32m  OK  [0m] Reached target Sockets.
[[0;32m  OK  [0m] Reached target Basic System.
         Starting Apply the settings specified in cloud-config...
         Starting System Logging Service...
[   28.325375] cloud-init[1024]: Cloud-init v. 0.7.9 running 'modules:config' at Sat, 13 May 2017 03:17:38 +0000. Up 28.26 seconds.
         Starting Login Service...
         Starting Docker Application Container Engine...
[[0;32m  OK  [0m] Started FUSE filesystem for LXC.
[[0;32m  OK  [0m] Started Snappy daemon.
[[0;32m  OK  [0m] Started D-Bus System Message Bus.
         Starting Accounts Service...
         Starting LSB: Record successful boot for GRUB...
         Starting Auto import assertions from block devices...
         Starting LSB: MD monitoring daemon...
[[0;32m  OK  [0m] Started ACPI event daemon.
         Starting /etc/rc.local Compatibility...
         Starting OpenBSD Secure Shell server...
         Starting LXD - container startup/shutdown...
[[0;32m  OK  [0m] Started Deferred execution scheduler.
[[0;32m  OK  [0m] Started Regular background program processing daemon.
[[0;32m  OK  [0m] Started System Logging Service.
[[0;32m  OK  [0m] Started OpenBSD Secure Shell server.
[[0;32m  OK  [0m] Started iSCSI initiator daemon (iscsid).
[[0;32m  OK  [0m] Started Apply the settings specified in cloud-config.
[[0;32m  OK  [0m] Started Auto import assertions from block devices.
[[0;32m  OK  [0m] Started /etc/rc.local Compatibility.
[[0;32m  OK  [0m] Started LXD - container startup/shutdown.
[[0;32m  OK  [0m] Started LSB: Record successful boot for GRUB.
[[0;32m  OK  [0m] Started Login Service.
[[0;32m  OK  [0m] Started LSB: MD monitoring daemon.
         Starting Authenticate and Authorize Users to Run Privileged Tasks...
         Starting Login to default iSCSI targets...
[[0;32m  OK  [0m] Started Authenticate and Authorize Users to Run Privileged Tasks.
[[0;32m  OK  [0m] Started Accounts Service.
[[0;32m  OK  [0m] Started Login to default iSCSI targets.
[[0;32m  OK  [0m] Reached target Remote File Systems (Pre).
[[0;32m  OK  [0m] Reached target Remote File Systems.
         Starting LSB: automatic crash report generation...
         Starting LSB: Set up cgroupfs mounts....
         Starting LSB: VirtualBox Linux Additions...
         Starting Permit User Sessions...
         Starting LSB: Set the CPU Frequency Scaling governor to "ondemand"...
         Starting LSB: daemon to balance interrupts for SMP systems...
[[0;32m  OK  [0m] Started LSB: Set up cgroupfs mounts..
[[0;32m  OK  [0m] Started Permit User Sessions.
[[0;32m  OK  [0m] Started LSB: automatic crash report generation.
[[0;32m  OK  [0m] Started LSB: VirtualBox Linux Additions.
[[0;32m  OK  [0m] Started LSB: Set the CPU Frequency Scaling governor to "ondemand".
         Starting Hold until boot process finishes up...
         Starting Terminate Plymouth Boot Screen...
[[0;32m  OK  [0m] Started LSB: daemon to balance interrupts for SMP systems.
[[0;32m  OK  [0m] Started Hold until boot process finishes up.
[[0;32m  OK  [0m] Started Terminate Plymouth Boot Screen.
[[0;32m  OK  [0m] Created slice User Slice of ubuntu.
         Starting User Manager for UID 1000...
[[0;32m  OK  [0m] Started Session 1 of user ubuntu.
         Starting Set console scheme...
[[0;32m  OK  [0m] Started Getty on tty1.
[[0;32m  OK  [0m] Started Serial Getty on ttyS0.
[[0;32m  OK  [0m] Reached target Login Prompts.
[[0;32m  OK  [0m] Started User Manager for UID 1000.
[[0;32m  OK  [0m] Started Set console scheme.
[[0;32m  OK  [0m] Started Docker Application Container Engine.
[[0;32m  OK  [0m] Reached target Multi-User System.
         Starting Execute cloud user/final scripts...
[[0;32m  OK  [0m] Reached target Graphical Interface.
         Starting Update UTMP about System Runlevel Changes...
[[0;32m  OK  [0m] Started Update UTMP about System Runlevel Changes.
[   30.790220] cloud-init[1441]: Cloud-init v. 0.7.9 running 'modules:final' at Sat, 13 May 2017 03:17:40 +0000. Up 30.71 seconds.
[   30.904568] cloud-init[1441]: Cloud-init v. 0.7.9 finished at Sat, 13 May 2017 03:17:40 +0000. Datasource DataSourceNoCloud [seed=/dev/sdb][dsmode=net].  Up 30.78 seconds
[[0;32m  OK  [0m] Started Execute cloud user/final scripts.
[[0;32m  OK  [0m] Reached target Cloud-init target.

Ubuntu 16.04.2 LTS ubuntu-xenial ttyS0

ubuntu-xenial login: 